Drill report for DMH_Tripple_VCA_PANEL.kicad_pcb
Created on 2025-03-16T10:30:23+0100

Copper Layer Stackup:
    =============================================================
    L1 :  F.Cu                      front
    L1 :  B.Cu                      back


Drill file 'DMH_Tripple_VCA_PANEL-PTH.drl' contains
    plated through holes:
    =============================================================
    T1  0.300mm  0.0118"  (80 holes)
    T2  1.000mm  0.0394"  (3 holes)  (with 3 slots)
    T3  2.400mm  0.0945"  (3 holes)
    T4  3.200mm  0.1260"  (4 holes)
    T5  6.200mm  0.2441"  (3 holes)

    Total plated holes count 93


Drill file 'DMH_Tripple_VCA_PANEL-NPTH.drl' contains
    unplated through holes:
    =============================================================
    T1  3.100mm  0.1220"  (3 holes)

    Total unplated holes count 3
